<?xml version="1.0" encoding="UTF-8"?>
<!-- Generated by org.testng.reporters.JUnitReportReporter -->
<testsuite hostname="Shwetas-MacBook-Air.local" failures="0" tests="1" name="Academy.validateNavidationBar" time="0.544" errors="0" timestamp="19 Sep 2020 14:34:46 GMT" skipped="0">
  <testcase classname="Academy.validateNavidationBar" name="basePageNavigation" time="0.544"/>
</testsuite> <!-- Academy.validateNavidationBar -->
