<?xml version="1.0" encoding="UTF-8"?>
<!-- Generated by org.testng.reporters.JUnitReportReporter -->
<testsuite hostname="Shwetas-MacBook-Air.local" failures="0" tests="2" name="Academy.HomePage" time="24.360" errors="0" timestamp="19 Sep 2020 14:34:46 GMT" skipped="0">
  <testcase classname="Academy.HomePage" name="basePageNavigation" time="17.073"/>
  <testcase classname="Academy.HomePage" name="basePageNavigation" time="7.287"/>
</testsuite> <!-- Academy.HomePage -->
